#
# A fatal error has been detected by the Java Runtime Environment:
#
#  SIGSEGV (0xb) at pc=0x0000000105a128ea, pid=12333, tid=0x0000000000004303
#
# JRE version: Java(TM) SE Runtime Environment (8.0_76-b04) (build 1.8.0_76-ea-b04)
# Java VM: Java HotSpot(TM) 64-Bit Server VM (25.76-b04 mixed mode bsd-amd64 compressed oops)
# Problematic frame:
# V  [libjvm.dylib+0x4198ea]  Method::checked_resolve_jmethod_id(_jmethodID*)+0xe
#
# Failed to write core dump. Core dumps have been disabled. To enable core dumping, try "ulimit -c unlimited" before starting Java again
#
# If you would like to submit a bug report, please visit:
#   http://bugreport.java.com/bugreport/crash.jsp
#

---------------  T H R E A D  ---------------

Current thread (0x00007fe98400b000):  JavaThread "JDWP Transport Listener: dt_socket" daemon [_thread_in_vm, id=17155, stack(0x0000700000b3b000,0x0000700000c3b000)]

siginfo: si_signo: 11 (SIGSEGV), si_code: 0 (unknown), si_addr: 0x0000000000000000

Registers:
RAX=0x0000000000000001, RBX=0x0000700000c3aaab, RCX=0x0000000105dc2070, RDX=0x0000700000c3aaab
RSP=0x0000700000c3a9f0, RBP=0x0000700000c3aa00, RSI=0x00007fe98400b000, RDI=0x616c2f6176616a4c
R8 =0x0000000000000002, R9 =0x0000000000000000, R10=0x0000000000000003, R11=0x00007fe982400000
R12=0x00007fe98400b000, R13=0x616c2f6176616a4c, R14=0x616c2f6176616a4c, R15=0x00007fe982503760
RIP=0x0000000105a128ea, EFLAGS=0x0000000000010202, ERR=0x0000000000000000
  TRAPNO=0x000000000000000d

Top of Stack: (sp=0x0000700000c3a9f0)
0x0000700000c3a9f0:   0000700000c3aaab 0000700000c3aaab
0x0000700000c3aa00:   0000700000c3aa60 00000001059232ba
0x0000700000c3aa10:   00007fe98400b000 0000000000000000
0x0000700000c3aa20:   0000000000000000 0000000000000000
0x0000700000c3aa30:   00007fe98400b000 00007fe98400b000
0x0000700000c3aa40:   0000700000c3aaab 0000700000c3aab0
0x0000700000c3aa50:   616c2f6176616a4c 0000000000000012
0x0000700000c3aa60:   0000700000c3aa80 0000000106541780
0x0000700000c3aa70:   0000000000000001 0000700000c3ab28
0x0000700000c3aa80:   0000700000c3aaf0 00000001065261f3
0x0000700000c3aa90:   0000700000c3aac0 00007fe982448180
0x0000700000c3aaa0:   0000001300000032 f000100a01c3ab28
0x0000700000c3aab0:   0000000000000000 0000000000000000
0x0000700000c3aac0:   0000000000000000 0000700000c3acb0
0x0000700000c3aad0:   0000000106548e7a 00007fe982529240
0x0000700000c3aae0:   0000700000c3ab28 0000000106554598
0x0000700000c3aaf0:   0000700000c3ab00 00000001065262ec
0x0000700000c3ab00:   0000700000c3ad20 000000010652f898
0x0000700000c3ab10:   00006e8200000013 00000000000f0200
0x0000700000c3ab20:   00007fe982537ed0 00007fe9828cf168
0x0000700000c3ab30:   00007fe900000148 00007fe982444890
0x0000700000c3ab40:   00007fe90000012c 0000700000c3ab78
0x0000700000c3ab50:   00007fe982430e40 0000000000000000
0x0000700000c3ab60:   00006e82000006f7 0000000000000080
0x0000700000c3ab70:   0000000000000000 e97f000013000000
0x0000700000c3ab80:   1d000000e06f4482 69246164626d616c
0x0000700000c3ab90:   65536573756f4873 615665636e657571
0x0000700000c3aba0:   000000362464696c 2f6176616a4c2814
0x0000700000c3abb0:   73694c2f6c697475 0000005a29493b74
0x0000700000c3abc0:   7f00000a1000f000 000000080d4382e9
0x0000700000c3abd0:   0000006e69616d04 6176616a4c5b2816
0x0000700000c3abe0:   74532f676e616c2f 0056293b676e6972 

Instructions: (pc=0x0000000105a128ea)
0x0000000105a128ca:   40 48 48 85 c0 75 e0 30 c0 0f b6 c0 5d c3 31 c0
0x0000000105a128da:   5d c3 55 48 89 e5 53 48 83 ec 08 48 85 ff 74 24
0x0000000105a128ea:   48 8b 1f 48 85 db 74 1c 48 83 fb 37 74 16 48 8b
0x0000000105a128fa:   03 48 89 df ff 50 10 84 c0 b8 00 00 00 00 48 0f 

Register to memory mapping:

RAX=0x0000000000000001 is an unknown value
RBX=0x0000700000c3aaab is pointing into the stack for thread: 0x00007fe98400b000
RCX=0x0000000105dc2070: UseMembar+0 in /Library/Java/JavaVirtualMachines/jdk1.8.0_76.jdk/Contents/Home/jre/lib/server/libjvm.dylib at 0x00000001055f9000
RDX=0x0000700000c3aaab is pointing into the stack for thread: 0x00007fe98400b000
RSP=0x0000700000c3a9f0 is pointing into the stack for thread: 0x00007fe98400b000
RBP=0x0000700000c3aa00 is pointing into the stack for thread: 0x00007fe98400b000
RSI=0x00007fe98400b000 is a thread
RDI=0x616c2f6176616a4c is an unknown value
R8 =0x0000000000000002 is an unknown value
R9 =0x0000000000000000 is an unknown value
R10=0x0000000000000003 is an unknown value
R11=0x00007fe982400000 is an unknown value
R12=0x00007fe98400b000 is a thread
R13=0x616c2f6176616a4c is an unknown value
R14=0x616c2f6176616a4c is an unknown value
R15=0x00007fe982503760 is an unknown value


Stack: [0x0000700000b3b000,0x0000700000c3b000],  sp=0x0000700000c3a9f0,  free space=1022k
Native frames: (J=compiled Java code, j=interpreted, Vv=VM code, C=native code)
V  [libjvm.dylib+0x4198ea]  Method::checked_resolve_jmethod_id(_jmethodID*)+0xe
V  [libjvm.dylib+0x32a2ba]  jvmti_IsMethodSynthetic+0xb2
C  [libjdwp.dylib+0x20780]  isMethodSynthetic+0x63
C  [libjdwp.dylib+0x51f3]  methods1+0x10b
C  [libjdwp.dylib+0x52ec]  methodsWithGeneric+0xe
C  [libjdwp.dylib+0xe898]  debugLoop_run+0x1ce
C  [libjdwp.dylib+0x1f6ba]  attachThread+0x4d
V  [libjvm.dylib+0x36b5d8]  JvmtiAgentThread::call_start_function()+0x38
V  [libjvm.dylib+0x530a75]  JavaThread::thread_main_inner()+0x9b
V  [libjvm.dylib+0x5320fd]  JavaThread::run()+0x183
V  [libjvm.dylib+0x454b46]  java_start(Thread*)+0xf6
C  [libsystem_pthread.dylib+0x399d]  _pthread_body+0x83
C  [libsystem_pthread.dylib+0x391a]  _pthread_body+0x0
C  [libsystem_pthread.dylib+0x1351]  thread_start+0xd
C  0x0000000000000000


---------------  P R O C E S S  ---------------

Java Threads: ( => current thread )
  0x00007fe98401f800 JavaThread "Service Thread" daemon [_thread_blocked, id=20227, stack(0x000070000114d000,0x000070000124d000)]
  0x00007fe98303f000 JavaThread "C1 CompilerThread2" daemon [_thread_blocked, id=19715, stack(0x000070000104a000,0x000070000114a000)]
  0x00007fe982844000 JavaThread "C2 CompilerThread1" daemon [_thread_blocked, id=19203, stack(0x0000700000f47000,0x0000700001047000)]
  0x00007fe98401e800 JavaThread "C2 CompilerThread0" daemon [_thread_blocked, id=18691, stack(0x0000700000e44000,0x0000700000f44000)]
  0x00007fe98400e800 JavaThread "JDWP Command Reader" daemon [_thread_in_native, id=18179, stack(0x0000700000d41000,0x0000700000e41000)]
  0x00007fe98400c000 JavaThread "JDWP Event Helper Thread" daemon [_thread_blocked, id=17667, stack(0x0000700000c3e000,0x0000700000d3e000)]
=>0x00007fe98400b000 JavaThread "JDWP Transport Listener: dt_socket" daemon [_thread_in_vm, id=17155, stack(0x0000700000b3b000,0x0000700000c3b000)]
  0x00007fe98303d000 JavaThread "Signal Dispatcher" daemon [_thread_blocked, id=13839, stack(0x0000700000a38000,0x0000700000b38000)]
  0x00007fe983824800 JavaThread "Finalizer" daemon [_thread_blocked, id=11779, stack(0x000070000082f000,0x000070000092f000)]
  0x00007fe984004000 JavaThread "Reference Handler" daemon [_thread_blocked, id=11267, stack(0x000070000072c000,0x000070000082c000)]
  0x00007fe98301f000 JavaThread "main" [_thread_blocked, id=4099, stack(0x0000700000084000,0x0000700000184000)]

Other Threads:
  0x00007fe983822000 VMThread [stack: 0x0000700000629000,0x0000700000729000] [id=10755]
  0x00007fe98280a800 WatcherThread [stack: 0x0000700001250000,0x0000700001350000] [id=20739]

VM state:not at safepoint (normal execution)

VM Mutex/Monitor currently owned by a thread: None

Heap:
 PSYoungGen      total 38400K, used 6680K [0x0000000795580000, 0x0000000798000000, 0x00000007c0000000)
  eden space 33280K, 20% used [0x0000000795580000,0x0000000795c06250,0x0000000797600000)
  from space 5120K, 0% used [0x0000000797b00000,0x0000000797b00000,0x0000000798000000)
  to   space 5120K, 0% used [0x0000000797600000,0x0000000797600000,0x0000000797b00000)
 ParOldGen       total 87552K, used 0K [0x0000000740000000, 0x0000000745580000, 0x0000000795580000)
  object space 87552K, 0% used [0x0000000740000000,0x0000000740000000,0x0000000745580000)
 Metaspace       used 5102K, capacity 5310K, committed 5632K, reserved 1056768K
  class space    used 581K, capacity 689K, committed 768K, reserved 1048576K

Card table byte_map: [0x00000001161c0000,0x00000001165c1000] byte_map_base: 0x00000001127c0000

Marking Bits: (ParMarkBitMap*) 0x0000000105e82420
 Begin Bits: [0x000000011686c000, 0x000000011886c000)
 End Bits:   [0x000000011886c000, 0x000000011a86c000)

Polling page: 0x0000000106520000

CodeCache: size=245760Kb used=1707Kb max_used=1707Kb free=244052Kb
 bounds [0x0000000106e00000, 0x0000000107070000, 0x0000000115e00000]
 total_blobs=600 nmethods=331 adapters=192
 compilation: enabled

Compilation events (10 events):
Event: 47.300 Thread 0x00007fe98303f000  327       3       java.nio.CharBuffer::arrayOffset (35 bytes)
Event: 47.302 Thread 0x00007fe98303f000 nmethod 327 0x0000000106fa9110 code [0x0000000106fa92a0, 0x0000000106fa9598]
Event: 47.302 Thread 0x00007fe98303f000  328       3       jdk.internal.org.objectweb.asm.Label::resolve (214 bytes)
Event: 47.303 Thread 0x00007fe98303f000 nmethod 328 0x0000000106fa96d0 code [0x0000000106fa9860, 0x0000000106fa9d70]
Event: 47.304 Thread 0x00007fe98303f000  331       3       java.nio.Buffer::position (43 bytes)
Event: 47.304 Thread 0x00007fe98303f000 nmethod 331 0x0000000106faa250 code [0x0000000106faa3e0, 0x0000000106faa6a8]
Event: 47.304 Thread 0x00007fe98303f000  329       3       jdk.internal.org.objectweb.asm.AnnotationWriter::<init> (34 bytes)
Event: 47.305 Thread 0x00007fe98303f000 nmethod 329 0x0000000106faa790 code [0x0000000106faa900, 0x0000000106faab88]
Event: 47.305 Thread 0x00007fe98303f000  330       3       jdk.internal.org.objectweb.asm.AnnotationVisitor::<init> (7 bytes)
Event: 47.305 Thread 0x00007fe98303f000 nmethod 330 0x0000000106faac90 code [0x0000000106faae20, 0x0000000106fab188]

GC Heap History (0 events):
No events

Deoptimization events (0 events):
No events

Internal exceptions (10 events):
Event: 0.171 Thread 0x00007fe98301f000 Exception <a 'java/security/PrivilegedActionException'> (0x0000000795718910) thrown at [/Users/java_re/workspace/8-2-build-macosx-x86_64/jdk8u76/6038.nc/hotspot/src/share/vm/prims/jvm.cpp, line 1386]
Event: 0.171 Thread 0x00007fe98301f000 Exception <a 'java/security/PrivilegedActionException'> (0x0000000795718b20) thrown at [/Users/java_re/workspace/8-2-build-macosx-x86_64/jdk8u76/6038.nc/hotspot/src/share/vm/prims/jvm.cpp, line 1386]
Event: 0.303 Thread 0x00007fe98301f000 Exception <a 'java/security/PrivilegedActionException'> (0x000000079583fe18) thrown at [/Users/java_re/workspace/8-2-build-macosx-x86_64/jdk8u76/6038.nc/hotspot/src/share/vm/prims/jvm.cpp, line 1386]
Event: 0.304 Thread 0x00007fe98301f000 Exception <a 'java/security/PrivilegedActionException'> (0x0000000795840028) thrown at [/Users/java_re/workspace/8-2-build-macosx-x86_64/jdk8u76/6038.nc/hotspot/src/share/vm/prims/jvm.cpp, line 1386]
Event: 0.305 Thread 0x00007fe98301f000 Exception <a 'java/security/PrivilegedActionException'> (0x00000007958429d8) thrown at [/Users/java_re/workspace/8-2-build-macosx-x86_64/jdk8u76/6038.nc/hotspot/src/share/vm/prims/jvm.cpp, line 1386]
Event: 0.305 Thread 0x00007fe98301f000 Exception <a 'java/security/PrivilegedActionException'> (0x0000000795842be8) thrown at [/Users/java_re/workspace/8-2-build-macosx-x86_64/jdk8u76/6038.nc/hotspot/src/share/vm/prims/jvm.cpp, line 1386]
Event: 0.305 Thread 0x00007fe98301f000 Exception <a 'java/security/PrivilegedActionException'> (0x0000000795843918) thrown at [/Users/java_re/workspace/8-2-build-macosx-x86_64/jdk8u76/6038.nc/hotspot/src/share/vm/prims/jvm.cpp, line 1386]
Event: 0.305 Thread 0x00007fe98301f000 Exception <a 'java/security/PrivilegedActionException'> (0x0000000795843b28) thrown at [/Users/java_re/workspace/8-2-build-macosx-x86_64/jdk8u76/6038.nc/hotspot/src/share/vm/prims/jvm.cpp, line 1386]
Event: 2.696 Thread 0x00007fe98301f000 Exception <a 'java/lang/NoSuchFieldError': method resolution failed> (0x0000000795ae3fa0) thrown at [/Users/java_re/workspace/8-2-build-macosx-x86_64/jdk8u76/6038.nc/hotspot/src/share/vm/prims/methodHandles.cpp, line 1146]
Event: 2.699 Thread 0x00007fe98301f000 Exception <a 'java/lang/NoSuchFieldError': method resolution failed> (0x0000000795af1e18) thrown at [/Users/java_re/workspace/8-2-build-macosx-x86_64/jdk8u76/6038.nc/hotspot/src/share/vm/prims/methodHandles.cpp, line 1146]

Events (10 events):
Event: 6040.180 Executing VM operation: ChangeBreakpoints
Event: 6040.180 Executing VM operation: ChangeBreakpoints done
Event: 6040.182 Executing VM operation: ChangeBreakpoints
Event: 6040.182 Executing VM operation: ChangeBreakpoints done
Event: 6040.183 Executing VM operation: ChangeBreakpoints
Event: 6040.183 Executing VM operation: ChangeBreakpoints done
Event: 6040.184 Executing VM operation: ChangeBreakpoints
Event: 6040.184 Executing VM operation: ChangeBreakpoints done
Event: 6040.190 Executing VM operation: RedefineClasses
Event: 6040.192 Executing VM operation: RedefineClasses done


Dynamic libraries:
0x0000000003dfc000 	/System/Library/Frameworks/Cocoa.framework/Versions/A/Cocoa
0x0000000003dfc000 	/System/Library/Frameworks/Security.framework/Versions/A/Security
0x0000000003dfc000 	/System/Library/Frameworks/ApplicationServices.framework/Versions/A/ApplicationServices
0x0000000003dfc000 	/usr/lib/libz.1.dylib
0x0000000003dfc000 	/usr/lib/libSystem.B.dylib
0x0000000003dfc000 	/usr/lib/libobjc.A.dylib
0x0000000003dfc000 	/System/Library/Frameworks/CoreFoundation.framework/Versions/A/CoreFoundation
0x0000000003dfc000 	/System/Library/Frameworks/Foundation.framework/Versions/C/Foundation
0x0000000003dfc000 	/System/Library/Frameworks/AppKit.framework/Versions/C/AppKit
0x0000000003dfc000 	/System/Library/Frameworks/CoreData.framework/Versions/A/CoreData
0x0000000003dfc000 	/System/Library/PrivateFrameworks/RemoteViewServices.framework/Versions/A/RemoteViewServices
0x0000000003dfc000 	/System/Library/PrivateFrameworks/UIFoundation.framework/Versions/A/UIFoundation
0x0000000003dfc000 	/usr/lib/libScreenReader.dylib
0x0000000003dfc000 	/System/Library/Frameworks/Accelerate.framework/Versions/A/Accelerate
0x0000000003dfc000 	/System/Library/Frameworks/IOSurface.framework/Versions/A/IOSurface
0x0000000003dfc000 	/System/Library/Frameworks/AudioToolbox.framework/Versions/A/AudioToolbox
0x0000000003dfc000 	/System/Library/Frameworks/AudioUnit.framework/Versions/A/AudioUnit
0x0000000003dfc000 	/System/Library/PrivateFrameworks/DataDetectorsCore.framework/Versions/A/DataDetectorsCore
0x0000000003dfc000 	/System/Library/PrivateFrameworks/DesktopServicesPriv.framework/Versions/A/DesktopServicesPriv
0x0000000003dfc000 	/System/Library/Frameworks/Carbon.framework/Versions/A/Frameworks/HIToolbox.framework/Versions/A/HIToolbox
0x0000000003dfc000 	/System/Library/Frameworks/QuartzCore.framework/Versions/A/QuartzCore
0x0000000003dfc000 	/System/Library/Frameworks/Carbon.framework/Versions/A/Frameworks/SpeechRecognition.framework/Versions/A/SpeechRecognition
0x0000000003dfc000 	/usr/lib/libauto.dylib
0x0000000003dfc000 	/usr/lib/libicucore.A.dylib
0x0000000003dfc000 	/usr/lib/libxml2.2.dylib
0x0000000003dfc000 	/System/Library/PrivateFrameworks/CoreUI.framework/Versions/A/CoreUI
0x0000000003dfc000 	/System/Library/Frameworks/CoreAudio.framework/Versions/A/CoreAudio
0x0000000003dfc000 	/System/Library/Frameworks/DiskArbitration.framework/Versions/A/DiskArbitration
0x0000000003dfc000 	/usr/lib/liblangid.dylib
0x0000000003dfc000 	/System/Library/PrivateFrameworks/MultitouchSupport.framework/Versions/A/MultitouchSupport
0x0000000003dfc000 	/System/Library/Frameworks/IOKit.framework/Versions/A/IOKit
0x0000000003dfc000 	/usr/lib/libDiagnosticMessagesClient.dylib
0x0000000003dfc000 	/System/Library/Frameworks/CoreServices.framework/Versions/A/CoreServices
0x0000000003dfc000 	/System/Library/PrivateFrameworks/PerformanceAnalysis.framework/Versions/A/PerformanceAnalysis
0x0000000003dfc000 	/System/Library/PrivateFrameworks/GenerationalStorage.framework/Versions/A/GenerationalStorage
0x0000000003dfc000 	/System/Library/Frameworks/OpenGL.framework/Versions/A/OpenGL
0x0000000003dfc000 	/System/Library/PrivateFrameworks/Sharing.framework/Versions/A/Sharing
0x0000000003dfc000 	/System/Library/Frameworks/CoreGraphics.framework/Versions/A/CoreGraphics
0x0000000003dfc000 	/System/Library/Frameworks/CoreImage.framework/Versions/A/CoreImage
0x0000000003dfc000 	/System/Library/Frameworks/CoreText.framework/Versions/A/CoreText
0x0000000003dfc000 	/System/Library/Frameworks/ImageIO.framework/Versions/A/ImageIO
0x0000000003dfc000 	/System/Library/PrivateFrameworks/Backup.framework/Versions/A/Backup
0x0000000003dfc000 	/usr/lib/libextension.dylib
0x0000000003dfc000 	/usr/lib/libarchive.2.dylib
0x0000000003dfc000 	/System/Library/Frameworks/CFNetwork.framework/Versions/A/CFNetwork
0x0000000003dfc000 	/System/Library/Frameworks/SystemConfiguration.framework/Versions/A/SystemConfiguration
0x0000000003dfc000 	/usr/lib/libCRFSuite.dylib
0x0000000003dfc000 	/usr/lib/libc++.1.dylib
0x0000000003dfc000 	/usr/lib/libc++abi.dylib
0x0000000003dfc000 	/usr/lib/system/libcache.dylib
0x0000000003dfc000 	/usr/lib/system/libcommonCrypto.dylib
0x0000000003dfc000 	/usr/lib/system/libcompiler_rt.dylib
0x0000000003dfc000 	/usr/lib/system/libcopyfile.dylib
0x0000000003dfc000 	/usr/lib/system/libcorecrypto.dylib
0x0000000003dfc000 	/usr/lib/system/libdispatch.dylib
0x0000000003dfc000 	/usr/lib/system/libdyld.dylib
0x0000000003dfc000 	/usr/lib/system/libkeymgr.dylib
0x0000000003dfc000 	/usr/lib/system/liblaunch.dylib
0x0000000003dfc000 	/usr/lib/system/libmacho.dylib
0x0000000003dfc000 	/usr/lib/system/libquarantine.dylib
0x0000000003dfc000 	/usr/lib/system/libremovefile.dylib
0x0000000003dfc000 	/usr/lib/system/libsystem_asl.dylib
0x0000000003dfc000 	/usr/lib/system/libsystem_blocks.dylib
0x0000000003dfc000 	/usr/lib/system/libsystem_c.dylib
0x0000000003dfc000 	/usr/lib/system/libsystem_configuration.dylib
0x0000000003dfc000 	/usr/lib/system/libsystem_coreservices.dylib
0x0000000003dfc000 	/usr/lib/system/libsystem_coretls.dylib
0x0000000003dfc000 	/usr/lib/system/libsystem_dnssd.dylib
0x0000000003dfc000 	/usr/lib/system/libsystem_info.dylib
0x0000000003dfc000 	/usr/lib/system/libsystem_kernel.dylib
0x0000000003dfc000 	/usr/lib/system/libsystem_m.dylib
0x0000000003dfc000 	/usr/lib/system/libsystem_malloc.dylib
0x0000000003dfc000 	/usr/lib/system/libsystem_network.dylib
0x0000000003dfc000 	/usr/lib/system/libsystem_networkextension.dylib
0x0000000003dfc000 	/usr/lib/system/libsystem_notify.dylib
0x0000000003dfc000 	/usr/lib/system/libsystem_platform.dylib
0x0000000003dfc000 	/usr/lib/system/libsystem_pthread.dylib
0x0000000003dfc000 	/usr/lib/system/libsystem_sandbox.dylib
0x0000000003dfc000 	/usr/lib/system/libsystem_secinit.dylib
0x0000000003dfc000 	/usr/lib/system/libsystem_trace.dylib
0x0000000003dfc000 	/usr/lib/system/libunc.dylib
0x0000000003dfc000 	/usr/lib/system/libunwind.dylib
0x0000000003dfc000 	/usr/lib/system/libxpc.dylib
0x0000000003dfc000 	/usr/lib/libenergytrace.dylib
0x0000000003dfc000 	/usr/lib/libbsm.0.dylib
0x0000000003dfc000 	/usr/lib/system/libkxld.dylib
0x0000000003dfc000 	/usr/lib/libxar.1.dylib
0x0000000003dfc000 	/usr/lib/libsqlite3.dylib
0x0000000003dfc000 	/usr/lib/libpam.2.dylib
0x0000000003dfc000 	/usr/lib/libOpenScriptingUtil.dylib
0x0000000003dfc000 	/usr/lib/libbz2.1.0.dylib
0x0000000003dfc000 	/usr/lib/liblzma.5.dylib
0x0000000003dfc000 	/System/Library/Frameworks/CoreServices.framework/Versions/A/Frameworks/FSEvents.framework/Versions/A/FSEvents
0x0000000003dfc000 	/System/Library/Frameworks/CoreServices.framework/Versions/A/Frameworks/CarbonCore.framework/Versions/A/CarbonCore
0x0000000003dfc000 	/System/Library/Frameworks/CoreServices.framework/Versions/A/Frameworks/Metadata.framework/Versions/A/Metadata
0x0000000003dfc000 	/System/Library/Frameworks/CoreServices.framework/Versions/A/Frameworks/OSServices.framework/Versions/A/OSServices
0x0000000003dfc000 	/System/Library/Frameworks/CoreServices.framework/Versions/A/Frameworks/SearchKit.framework/Versions/A/SearchKit
0x0000000003dfc000 	/System/Library/Frameworks/CoreServices.framework/Versions/A/Frameworks/AE.framework/Versions/A/AE
0x0000000003dfc000 	/System/Library/Frameworks/CoreServices.framework/Versions/A/Frameworks/LaunchServices.framework/Versions/A/LaunchServices
0x0000000003dfc000 	/System/Library/Frameworks/CoreServices.framework/Versions/A/Frameworks/DictionaryServices.framework/Versions/A/DictionaryServices
0x0000000003dfc000 	/System/Library/Frameworks/CoreServices.framework/Versions/A/Frameworks/SharedFileList.framework/Versions/A/SharedFileList
0x0000000003dfc000 	/System/Library/Frameworks/NetFS.framework/Versions/A/NetFS
0x0000000003dfc000 	/System/Library/PrivateFrameworks/NetAuth.framework/Versions/A/NetAuth
0x0000000003dfc000 	/System/Library/PrivateFrameworks/login.framework/Versions/A/Frameworks/loginsupport.framework/Versions/A/loginsupport
0x0000000003dfc000 	/System/Library/PrivateFrameworks/TCC.framework/Versions/A/TCC
0x0000000003dfc000 	/usr/lib/libmecabra.dylib
0x0000000003dfc000 	/System/Library/Frameworks/ApplicationServices.framework/Versions/A/Frameworks/ATS.framework/Versions/A/ATS
0x0000000003dfc000 	/System/Library/Frameworks/ApplicationServices.framework/Versions/A/Frameworks/ColorSync.framework/Versions/A/ColorSync
0x0000000003dfc000 	/System/Library/Frameworks/ApplicationServices.framework/Versions/A/Frameworks/HIServices.framework/Versions/A/HIServices
0x0000000003dfc000 	/System/Library/Frameworks/ApplicationServices.framework/Versions/A/Frameworks/LangAnalysis.framework/Versions/A/LangAnalysis
0x0000000003dfc000 	/System/Library/Frameworks/ApplicationServices.framework/Versions/A/Frameworks/PrintCore.framework/Versions/A/PrintCore
0x0000000003dfc000 	/System/Library/Frameworks/ApplicationServices.framework/Versions/A/Frameworks/QD.framework/Versions/A/QD
0x0000000003dfc000 	/System/Library/Frameworks/ApplicationServices.framework/Versions/A/Frameworks/SpeechSynthesis.framework/Versions/A/SpeechSynthesis
0x0000000003dfc000 	/System/Library/Frameworks/Metal.framework/Versions/A/Metal
0x0000000003dfc000 	/System/Library/Frameworks/Accelerate.framework/Versions/A/Frameworks/vImage.framework/Versions/A/vImage
0x0000000003dfc000 	/System/Library/Frameworks/Accelerate.framework/Versions/A/Frameworks/vecLib.framework/Versions/A/vecLib
0x0000000003dfc000 	/System/Library/Frameworks/Accelerate.framework/Versions/A/Frameworks/vecLib.framework/Versions/A/libvDSP.dylib
0x0000000003dfc000 	/System/Library/Frameworks/Accelerate.framework/Versions/A/Frameworks/vecLib.framework/Versions/A/libvMisc.dylib
0x0000000003dfc000 	/System/Library/Frameworks/Accelerate.framework/Versions/A/Frameworks/vecLib.framework/Versions/A/libLAPACK.dylib
0x0000000003dfc000 	/System/Library/Frameworks/Accelerate.framework/Versions/A/Frameworks/vecLib.framework/Versions/A/libBLAS.dylib
0x0000000003dfc000 	/System/Library/Frameworks/Accelerate.framework/Versions/A/Frameworks/vecLib.framework/Versions/A/libLinearAlgebra.dylib
0x0000000003dfc000 	/System/Library/Frameworks/Accelerate.framework/Versions/A/Frameworks/vecLib.framework/Versions/A/libSparseBLAS.dylib
0x0000000003dfc000 	/System/Library/PrivateFrameworks/GPUCompiler.framework/libmetal_timestamp.dylib
0x0000000003dfc000 	/System/Library/Frameworks/OpenGL.framework/Versions/A/Libraries/libCoreFSCache.dylib
0x0000000003dfc000 	/System/Library/PrivateFrameworks/IOAccelerator.framework/Versions/A/IOAccelerator
0x0000000003dfc000 	/System/Library/Frameworks/ApplicationServices.framework/Versions/A/Frameworks/ATS.framework/Versions/A/Resources/libFontParser.dylib
0x0000000003dfc000 	/System/Library/Frameworks/ApplicationServices.framework/Versions/A/Frameworks/ATS.framework/Versions/A/Resources/libFontRegistry.dylib
0x0000000003dfc000 	/System/Library/PrivateFrameworks/AppleVPA.framework/Versions/A/AppleVPA
0x0000000003dfc000 	/System/Library/PrivateFrameworks/AppleJPEG.framework/Versions/A/AppleJPEG
0x0000000003dfc000 	/System/Library/Frameworks/ImageIO.framework/Versions/A/Resources/libJPEG.dylib
0x0000000003dfc000 	/System/Library/Frameworks/ImageIO.framework/Versions/A/Resources/libTIFF.dylib
0x0000000003dfc000 	/System/Library/Frameworks/ImageIO.framework/Versions/A/Resources/libPng.dylib
0x0000000003dfc000 	/System/Library/Frameworks/ImageIO.framework/Versions/A/Resources/libGIF.dylib
0x0000000003dfc000 	/System/Library/Frameworks/ImageIO.framework/Versions/A/Resources/libJP2.dylib
0x0000000003dfc000 	/System/Library/Frameworks/ImageIO.framework/Versions/A/Resources/libRadiance.dylib
0x0000000003dfc000 	/System/Library/Frameworks/CoreVideo.framework/Versions/A/CoreVideo
0x0000000003dfc000 	/System/Library/Frameworks/OpenGL.framework/Versions/A/Libraries/libGLU.dylib
0x0000000003dfc000 	/System/Library/Frameworks/OpenGL.framework/Versions/A/Libraries/libGFXShared.dylib
0x0000000003dfc000 	/System/Library/Frameworks/OpenGL.framework/Versions/A/Libraries/libGL.dylib
0x0000000003dfc000 	/System/Library/Frameworks/OpenGL.framework/Versions/A/Libraries/libGLImage.dylib
0x0000000003dfc000 	/System/Library/Frameworks/OpenGL.framework/Versions/A/Libraries/libCVMSPluginSupport.dylib
0x0000000003dfc000 	/System/Library/Frameworks/OpenGL.framework/Versions/A/Libraries/libCoreVMClient.dylib
0x0000000003dfc000 	/usr/lib/libcompression.dylib
0x0000000003dfc000 	/usr/lib/libcups.2.dylib
0x0000000003dfc000 	/System/Library/Frameworks/Kerberos.framework/Versions/A/Kerberos
0x0000000003dfc000 	/System/Library/Frameworks/GSS.framework/Versions/A/GSS
0x0000000003dfc000 	/usr/lib/libresolv.9.dylib
0x0000000003dfc000 	/usr/lib/libiconv.2.dylib
0x0000000003dfc000 	/System/Library/PrivateFrameworks/Heimdal.framework/Versions/A/Heimdal
0x0000000003dfc000 	/usr/lib/libheimdal-asn1.dylib
0x0000000003dfc000 	/System/Library/Frameworks/OpenDirectory.framework/Versions/A/OpenDirectory
0x0000000003dfc000 	/System/Library/PrivateFrameworks/CommonAuth.framework/Versions/A/CommonAuth
0x0000000003dfc000 	/System/Library/Frameworks/OpenDirectory.framework/Versions/A/Frameworks/CFOpenDirectory.framework/Versions/A/CFOpenDirectory
0x0000000003dfc000 	/System/Library/Frameworks/SecurityFoundation.framework/Versions/A/SecurityFoundation
0x0000000003dfc000 	/System/Library/PrivateFrameworks/LanguageModeling.framework/Versions/A/LanguageModeling
0x0000000003dfc000 	/usr/lib/libmarisa.dylib
0x0000000003dfc000 	/usr/lib/libChineseTokenizer.dylib
0x0000000003dfc000 	/usr/lib/libcmph.dylib
0x0000000003dfc000 	/System/Library/Frameworks/ServiceManagement.framework/Versions/A/ServiceManagement
0x0000000003dfc000 	/usr/lib/libxslt.1.dylib
0x0000000003dfc000 	/System/Library/Frameworks/Carbon.framework/Versions/A/Frameworks/Ink.framework/Versions/A/Ink
0x0000000003dfc000 	/usr/lib/libFosl_dynamic.dylib
0x0000000003dfc000 	/System/Library/PrivateFrameworks/FaceCore.framework/Versions/A/FaceCore
0x0000000003dfc000 	/System/Library/Frameworks/OpenCL.framework/Versions/A/OpenCL
0x0000000003dfc000 	/System/Library/PrivateFrameworks/CrashReporterSupport.framework/Versions/A/CrashReporterSupport
0x0000000003dfc000 	/System/Library/PrivateFrameworks/IconServices.framework/Versions/A/IconServices
0x0000000003dfc000 	/System/Library/PrivateFrameworks/Apple80211.framework/Versions/A/Apple80211
0x0000000003dfc000 	/System/Library/Frameworks/CoreWLAN.framework/Versions/A/CoreWLAN
0x0000000003dfc000 	/System/Library/Frameworks/IOBluetooth.framework/Versions/A/IOBluetooth
0x0000000003dfc000 	/System/Library/PrivateFrameworks/CoreWiFi.framework/Versions/A/CoreWiFi
0x0000000003dfc000 	/System/Library/Frameworks/CoreBluetooth.framework/Versions/A/CoreBluetooth
0x0000000003dfc000 	/System/Library/PrivateFrameworks/ChunkingLibrary.framework/Versions/A/ChunkingLibrary
0x0000000003dfc000 	/System/Library/PrivateFrameworks/DebugSymbols.framework/Versions/A/DebugSymbols
0x0000000003dfc000 	/System/Library/PrivateFrameworks/CoreSymbolication.framework/Versions/A/CoreSymbolication
0x0000000003dfc000 	/System/Library/PrivateFrameworks/Symbolication.framework/Versions/A/Symbolication
0x0000000003dfc000 	/System/Library/PrivateFrameworks/SpeechRecognitionCore.framework/Versions/A/SpeechRecognitionCore
0x00000001055f9000 	/Library/Java/JavaVirtualMachines/jdk1.8.0_76.jdk/Contents/Home/jre/lib/server/libjvm.dylib
0x0000000003dfc000 	/usr/lib/libstdc++.6.dylib
0x00000001064dd000 	/Library/Java/JavaVirtualMachines/jdk1.8.0_76.jdk/Contents/Home/jre/lib/libverify.dylib
0x00000001064eb000 	/Library/Java/JavaVirtualMachines/jdk1.8.0_76.jdk/Contents/Home/jre/lib/libjava.dylib
0x0000000106521000 	/Library/Java/JavaVirtualMachines/jdk1.8.0_76.jdk/Contents/Home/jre/lib/libjdwp.dylib
0x000000010656c000 	/Library/Java/JavaVirtualMachines/jdk1.8.0_76.jdk/Contents/Home/jre/lib/libnpt.dylib
0x0000000106570000 	/Library/Java/JavaVirtualMachines/jdk1.8.0_76.jdk/Contents/Home/jre/lib/libinstrument.dylib
0x00000001065ce000 	/Library/Java/JavaVirtualMachines/jdk1.8.0_76.jdk/Contents/Home/jre/lib/libzip.dylib
0x000000011c718000 	/System/Library/Frameworks/JavaVM.framework/Frameworks/JavaRuntimeSupport.framework/JavaRuntimeSupport
0x000000011c733000 	/System/Library/Frameworks/JavaVM.framework/Versions/A/Frameworks/JavaNativeFoundation.framework/Versions/A/JavaNativeFoundation
0x000000011c748000 	/System/Library/Frameworks/JavaVM.framework/Versions/A/JavaVM
0x0000000003dfc000 	/System/Library/Frameworks/Carbon.framework/Versions/A/Carbon
0x000000011c755000 	/System/Library/PrivateFrameworks/JavaLaunching.framework/Versions/A/JavaLaunching
0x0000000003dfc000 	/System/Library/Frameworks/Carbon.framework/Versions/A/Frameworks/CommonPanels.framework/Versions/A/CommonPanels
0x0000000003dfc000 	/System/Library/Frameworks/Carbon.framework/Versions/A/Frameworks/Help.framework/Versions/A/Help
0x0000000003dfc000 	/System/Library/Frameworks/Carbon.framework/Versions/A/Frameworks/ImageCapture.framework/Versions/A/ImageCapture
0x0000000003dfc000 	/System/Library/Frameworks/Carbon.framework/Versions/A/Frameworks/OpenScripting.framework/Versions/A/OpenScripting
0x0000000003dfc000 	/System/Library/Frameworks/Carbon.framework/Versions/A/Frameworks/Print.framework/Versions/A/Print
0x0000000003dfc000 	/System/Library/Frameworks/Carbon.framework/Versions/A/Frameworks/SecurityHI.framework/Versions/A/SecurityHI
0x000000011e074000 	/Library/Java/JavaVirtualMachines/jdk1.8.0_76.jdk/Contents/Home/jre/lib/libdt_socket.dylib
0x000000011e1d6000 	/Library/Java/JavaVirtualMachines/jdk1.8.0_76.jdk/Contents/Home/jre/lib/libnet.dylib
0x000000011e235000 	/Library/Java/JavaVirtualMachines/jdk1.8.0_76.jdk/Contents/Home/jre/lib/libnio.dylib

VM Arguments:
jvm_args: -agentlib:jdwp=transport=dt_socket,address=127.0.0.1:51401,suspend=y,server=n -javaagent:/Users/ramanujanuppili/Library/Caches/IdeaIC2017.3/captureAgent/debugger-agent.jar=/private/var/folders/4w/z5_nxrm909xgj73jwppfh15c0000gn/T/capture.props -Dfile.encoding=UTF-8 
java_command: Layout
java_class_path (initial): /Library/Java/JavaVirtualMachines/jdk1.8.0_76.jdk/Contents/Home/jre/lib/charsets.jar:/Library/Java/JavaVirtualMachines/jdk1.8.0_76.jdk/Contents/Home/jre/lib/deploy.jar:/Library/Java/JavaVirtualMachines/jdk1.8.0_76.jdk/Contents/Home/jre/lib/ext/cldrdata.jar:/Library/Java/JavaVirtualMachines/jdk1.8.0_76.jdk/Contents/Home/jre/lib/ext/dnsns.jar:/Library/Java/JavaVirtualMachines/jdk1.8.0_76.jdk/Contents/Home/jre/lib/ext/jaccess.jar:/Library/Java/JavaVirtualMachines/jdk1.8.0_76.jdk/Contents/Home/jre/lib/ext/jfxrt.jar:/Library/Java/JavaVirtualMachines/jdk1.8.0_76.jdk/Contents/Home/jre/lib/ext/localedata.jar:/Library/Java/JavaVirtualMachines/jdk1.8.0_76.jdk/Contents/Home/jre/lib/ext/nashorn.jar:/Library/Java/JavaVirtualMachines/jdk1.8.0_76.jdk/Contents/Home/jre/lib/ext/sunec.jar:/Library/Java/JavaVirtualMachines/jdk1.8.0_76.jdk/Contents/Home/jre/lib/ext/sunjce_provider.jar:/Library/Java/JavaVirtualMachines/jdk1.8.0_76.jdk/Contents/Home/jre/lib/ext/sunpkcs11.jar:/Library/Java/JavaVirtualMachines/jdk1.8.0_76.jdk/Contents/Home/jre/lib/ext/zipfs.jar:/Library/Java/JavaVirtualMachines/jdk1.8.0_76.jdk/Contents/Home/jre/lib/javaws.jar:/Library/Java/JavaVirtualMachines/jdk1.8.0_76.jdk/Contents/Home/jre/lib/jce.jar:/Library/Java/JavaVirtualMachines/jdk1.8.0_76.jdk/Contents/Home/jre/lib/jfxswt.jar:/Library/Java/JavaVirtualMachines/jdk1.8.0_76.jdk/Contents/Home/jre/lib/jsse.jar:/Library/Java/JavaVirtualMachines/jdk1.8.0_76.jdk/Contents/Home/jre/lib/management-agent.jar:/Library/Java/JavaVirtualMachines/jdk1.8.0_76.jdk/Contents/Home/jre/lib/plugin.jar:/Library/Java/JavaVirtualMachines/jdk1.8.0_76.jdk/Contents/Home/jre/lib/resources.jar:/Library/Java/JavaVirtualMachines/jdk1.8.0_76.jdk/Contents/Home/jre/lib/rt.jar:/Library/Java/JavaVirtualMachines/jdk1.8.0_76.jdk/Contents/Home/lib/ant-javafx.jar:/Library/Java/JavaVirtualMachines/jdk1.8.0_76.jdk/Contents/Home/lib/dt.jar:/Library/Java/JavaVirtualMachines/jdk1.8.0_76.jdk/Contents/Home/lib/javafx-mx.jar:/Library/
Launcher Type: SUN_STANDARD

Environment Variables:
PATH=/usr/local/bin:/usr/bin:/bin:/usr/sbin:/sbin:/Library/Frameworks/Mono.framework/Versions/Current/Commands
SHELL=/bin/bash

Signal Handlers:
SIGSEGV: [libjvm.dylib+0x575be5], sa_mask[0]=11111111011111110111111111111111, sa_flags=SA_ONSTACK|SA_RESTART|SA_SIGINFO
SIGBUS: [libjvm.dylib+0x575be5], sa_mask[0]=11111111011111110111111111111111, sa_flags=SA_RESTART|SA_SIGINFO
SIGFPE: [libjvm.dylib+0x452158], sa_mask[0]=11111111011111110111111111111111, sa_flags=SA_RESTART|SA_SIGINFO
SIGPIPE: [libjvm.dylib+0x452158], sa_mask[0]=11111111011111110111111111111111, sa_flags=SA_RESTART|SA_SIGINFO
SIGXFSZ: [libjvm.dylib+0x452158], sa_mask[0]=11111111011111110111111111111111, sa_flags=SA_RESTART|SA_SIGINFO
SIGILL: [libjvm.dylib+0x452158], sa_mask[0]=11111111011111110111111111111111, sa_flags=SA_RESTART|SA_SIGINFO
SIGUSR1: SIG_DFL, sa_mask[0]=00000000000000000000000000000000, sa_flags=none
SIGUSR2: [libjvm.dylib+0x451c76], sa_mask[0]=00100000000000000000000000000000, sa_flags=SA_RESTART|SA_SIGINFO
SIGHUP: [libjvm.dylib+0x45024d], sa_mask[0]=11111111011111110111111111111111, sa_flags=SA_RESTART|SA_SIGINFO
SIGINT: [libjvm.dylib+0x45024d], sa_mask[0]=11111111011111110111111111111111, sa_flags=SA_RESTART|SA_SIGINFO
SIGTERM: [libjvm.dylib+0x45024d], sa_mask[0]=11111111011111110111111111111111, sa_flags=SA_RESTART|SA_SIGINFO
SIGQUIT: [libjvm.dylib+0x45024d], sa_mask[0]=11111111011111110111111111111111, sa_flags=SA_RESTART|SA_SIGINFO


---------------  S Y S T E M  ---------------

OS:Bsduname:Darwin 15.6.0 Darwin Kernel Version 15.6.0: Sun Jun  4 21:43:07 PDT 2017; root:xnu-3248.70.3~1/RELEASE_X86_64 x86_64
rlimit: STACK 8192k, CORE 0k, NPROC 709, NOFILE 10240, AS infinity
load average:5.00 3.93 3.59

CPU:total 4 (2 cores per cpu, 2 threads per core) family 6 model 61 stepping 4, cmov, cx8, fxsr, mmx, sse, sse2, sse3, ssse3, sse4.1, sse4.2, popcnt, avx, avx2, aes, clmul, erms, 3dnowpref, lzcnt, ht, tsc, tscinvbit, bmi1, bmi2, adx

Memory: 4k page, physical 8388608k(78908k free)

/proc/meminfo:


vm_info: Java HotSpot(TM) 64-Bit Server VM (25.76-b04) for bsd-amd64 JRE (1.8.0_76-ea-b04), built on Jan 25 2016 21:27:59 by "java_re" with gcc 4.2.1 (Based on Apple Inc. build 5658) (LLVM build 2336.11.00)

time: Sun May 13 22:34:23 2018
elapsed time: 6040 seconds (0d 1h 40m 40s)

